2026-02-10T13:15:09.099Z info: Code: 200 | Message: Jeu crée avec succès
2026-02-10T13:15:15.816Z info: Code: 200 | Message: Tout les jeux ont été récupérés
2026-02-10T14:48:26.568Z info: Code: 200 | Message: Tout les jeux ont été récupérés
2026-02-10T14:54:30.495Z info: Code: 200 | Message: Tout les jeux ont été récupérés
2026-02-10T14:54:34.684Z info: Code: 200 | Message: Jeu crée avec succès
2026-02-11T13:53:18.183Z info: Code: 200 | Message: La liste des articles a été récupérée avec succès
2026-02-11T13:55:16.476Z info: Code: 200 | Message: L'article a été créé avec succès
2026-02-11T13:55:22.960Z info: Code: 200 | Message: La liste des articles a été récupérée avec succès
2026-02-12T12:38:21.106Z info: Code: 200 | Message: La liste des articles a été récupérée avec succès
2026-02-12T12:38:59.896Z info: Code: 200 | Message: La liste des articles a été récupérée avec succès
2026-02-12T12:39:01.419Z info: Code: 200 | Message: La liste des articles a été récupérée avec succès
2026-02-12T12:39:11.279Z info: Code: 200 | Message: La liste des articles a été récupérée avec succès
2026-02-12T12:39:14.393Z info: Code: 200 | Message: La liste des articles a été récupérée avec succès
2026-02-12T12:39:16.988Z info: Code: 200 | Message: La liste des articles a été récupérée avec succès
2026-02-12T12:44:24.238Z info: Code: 200 | Message: La liste des articles a été récupérée avec succès
2026-02-12T12:56:41.079Z info: Code: 200 | Message: Tout les jeux ont été récupérés
2026-02-12T13:18:50.466Z info: Code: 200 | Message: L'article a été créé avec succès
2026-02-12T13:28:21.066Z info: Code: 200 | Message: L'article a été créé avec succès
2026-02-12T13:28:42.851Z info: Code: 200 | Message: Tout les jeux ont été récupérés
2026-02-12T13:28:44.233Z info: Code: 200 | Message: Tout les jeux ont été récupérés
2026-02-12T13:34:46.443Z info: Code: 200 | Message: L'article a été créé avec succès
2026-02-12T13:37:08.441Z info: Code: 200 | Message: Tout les jeux ont été récupérés
2026-02-12T13:37:09.629Z info: Code: 200 | Message: Tout les jeux ont été récupérés
2026-02-12T13:40:35.046Z info: Code: 200 | Message: L'article a été créé avec succès
2026-02-12T13:40:49.218Z info: Code: 200 | Message: L'article a été créé avec succès
2026-02-12T13:53:51.278Z info: Code: 200 | Message: Tout les jeux ont été récupérés
2026-02-12T14:01:47.931Z info: Code: 200 | Message: Tout les jeux ont été récupérés
2026-02-12T14:05:55.279Z info: Code: 200 | Message: Tout les jeux ont été récupérés
2026-02-12T14:16:56.148Z info: Code: 200 | Message: Article récupéré avec succès
2026-02-12T14:17:12.836Z info: Code: 200 | Message: Article modifié avec succès
2026-02-12T14:17:33.464Z info: Code: 200 | Message: Article supprimé avec succès
2026-02-12T14:17:40.907Z info: Code: 200 | Message: Tout les jeux ont été récupérés
2026-02-12T14:30:14.112Z info: Code: 200 | Message: Tout les jeux ont été récupérés
